Base path: 'C:/Program Files/Unity/Hub/Editor/2019.3.14f1/Editor/Data', plugins path 'C:/Program Files/Unity/Hub/Editor/2019.3.14f1/Editor/Data/PlaybackEngines'
Cmd: initializeCompiler
Cmd: compileComputeKernel
  api=4 insize=12081 outsize=1863 ok=1
Cmd: compileComputeKernel
  api=4 insize=12124 outsize=1819 ok=1
Cmd: compileComputeKernel
  api=4 insize=12124 outsize=1853 ok=1
Cmd: compileComputeKernel
  api=4 insize=19771 outsize=3039 ok=1
Cmd: compileComputeKernel
  api=4 insize=66851 outsize=2944 ok=1
Cmd: compileComputeKernel
  api=4 insize=66851 outsize=1407 ok=1
Cmd: compileComputeKernel
  api=4 insize=66851 outsize=1610 ok=1
Cmd: compileComputeKernel
  api=4 insize=66851 outsize=1287 ok=1
Cmd: compileComputeKernel
  api=4 insize=66851 outsize=1369 ok=1
Cmd: compileComputeKernel
  api=4 insize=66851 outsize=1394 ok=1
Cmd: compileComputeKernel
  api=4 insize=66851 outsize=1449 ok=1
Cmd: compileComputeKernel
  api=4 insize=66851 outsize=2477 ok=1
Cmd: compileComputeKernel
  api=4 insize=73605 outsize=3656 ok=1
Cmd: compileComputeKernel
  api=4 insize=33997 outsize=770 ok=1
Cmd: compileComputeKernel
  api=4 insize=33997 outsize=1157 ok=1
Cmd: compileComputeKernel
  api=4 insize=33997 outsize=950 ok=1
Cmd: compileComputeKernel
  api=4 insize=33997 outsize=622 ok=1
Cmd: compileComputeKernel
  api=4 insize=33997 outsize=970 ok=1
Cmd: compileComputeKernel
  api=4 insize=33997 outsize=1484 ok=1
Cmd: compileComputeKernel
  api=4 insize=33997 outsize=1340 ok=1
Cmd: compileComputeKernel
  api=4 insize=33997 outsize=1336 ok=1
Cmd: compileComputeKernel
  api=4 insize=33997 outsize=1369 ok=1
Cmd: compileComputeKernel
  api=4 insize=74993 outsize=14076 ok=1
Cmd: compileComputeKernel
  api=4 insize=74993 outsize=3570 ok=1
Cmd: compileComputeKernel
  api=4 insize=74993 outsize=12236 ok=1
Cmd: compileComputeKernel
  api=4 insize=4434 outsize=1449 ok=1
Cmd: compileSnippet
  api=4 type=0 insize=1602 outsize=2002 kw=UNITY_PASS_FORWARDBASE DIRECTIONAL SHADOWS_SCREEN LIGHTPROBE_SH pd=UNITY_ENABLE_REFLECTION_BUFFERS UNITY_USE_DITHER_MASK_FOR_ALPHABLENDED_SHADOWS UNITY_PBS_USE_BRDF1 UNITY_SPECCUBE_BOX_PROJECTION UNITY_SPECCUBE_BLENDING UNITY_ENABLE_DETAIL_NORMALMAP SHADER_API_DESKTOP UNITY_COLORSPACE_GAMMA UNITY_LIGHT_PROBE_PROXY_VOLUME UNITY_LIGHTMAP_FULL_HDR ok=1
