Base path: 'C:/Program Files/Unity/Hub/Editor/2019.3.14f1/Editor/Data', plugins path 'C:/Program Files/Unity/Hub/Editor/2019.3.14f1/Editor/Data/PlaybackEngines'
Cmd: initializeCompiler
Cmd: compileComputeKernel
  api=4 insize=12081 outsize=1499 ok=1
Cmd: compileComputeKernel
  api=4 insize=12124 outsize=1819 ok=1
Cmd: compileComputeKernel
  api=4 insize=12124 outsize=1851 ok=1
Cmd: compileComputeKernel
  api=4 insize=12124 outsize=1997 ok=1
Cmd: compileComputeKernel
  api=4 insize=19771 outsize=2045 ok=1
Cmd: compileComputeKernel
  api=4 insize=19771 outsize=5237 ok=1
Cmd: compileComputeKernel
  api=4 insize=66851 outsize=2922 ok=1
Cmd: compileComputeKernel
  api=4 insize=66851 outsize=1489 ok=1
Cmd: compileComputeKernel
  api=4 insize=66851 outsize=2041 ok=1
Cmd: compileComputeKernel
  api=4 insize=66851 outsize=1597 ok=1
Cmd: compileComputeKernel
  api=4 insize=66851 outsize=1284 ok=1
Cmd: compileComputeKernel
  api=4 insize=66851 outsize=1682 ok=1
Cmd: compileComputeKernel
  api=4 insize=66851 outsize=1465 ok=1
Cmd: compileComputeKernel
  api=4 insize=66851 outsize=1547 ok=1
Cmd: compileComputeKernel
  api=4 insize=66851 outsize=1387 ok=1
Cmd: compileComputeKernel
  api=4 insize=66851 outsize=1819 ok=1
Cmd: compileComputeKernel
  api=4 insize=66851 outsize=1819 ok=1
Cmd: compileComputeKernel
  api=4 insize=66851 outsize=1851 ok=1
Cmd: compileComputeKernel
  api=4 insize=66851 outsize=1849 ok=1
Cmd: compileComputeKernel
  api=4 insize=66851 outsize=1326 ok=1
Cmd: compileComputeKernel
  api=4 insize=66851 outsize=1342 ok=1
Cmd: compileComputeKernel
  api=4 insize=66851 outsize=1449 ok=1
Cmd: compileComputeKernel
  api=4 insize=73605 outsize=12637 ok=1
Cmd: compileComputeKernel
  api=4 insize=33997 outsize=674 ok=1
Cmd: compileComputeKernel
  api=4 insize=33997 outsize=680 ok=1
Cmd: compileComputeKernel
  api=4 insize=33997 outsize=910 ok=1
Cmd: compileComputeKernel
  api=4 insize=33997 outsize=749 ok=1
Cmd: compileComputeKernel
  api=4 insize=33997 outsize=769 ok=1
Cmd: compileComputeKernel
  api=4 insize=33997 outsize=1269 ok=1
Cmd: compileComputeKernel
  api=4 insize=33997 outsize=1524 ok=1
Cmd: compileComputeKernel
  api=4 insize=33997 outsize=1300 ok=1
Cmd: compileComputeKernel
  api=4 insize=33997 outsize=1296 ok=1
Cmd: compileComputeKernel
  api=4 insize=33997 outsize=1284 ok=1
Cmd: compileComputeKernel
  api=4 insize=33997 outsize=1364 ok=1
Cmd: compileComputeKernel
  api=4 insize=74993 outsize=26077 ok=1
Cmd: compileComputeKernel
  api=4 insize=1898 outsize=3122 ok=1
Cmd: compileSnippet
  api=4 type=1 insize=11846 outsize=4538 kw=SHADOWS_SPLIT_SPHERES SHADOWS_SINGLE_CASCADE pd=UNITY_ENABLE_REFLECTION_BUFFERS UNITY_USE_DITHER_MASK_FOR_ALPHABLENDED_SHADOWS UNITY_PBS_USE_BRDF1 UNITY_SPECCUBE_BOX_PROJECTION UNITY_SPECCUBE_BLENDING UNITY_ENABLE_DETAIL_NORMALMAP SHADER_API_DESKTOP UNITY_COLORSPACE_GAMMA UNITY_LIGHT_PROBE_PROXY_VOLUME UNITY_LIGHTMAP_FULL_HDR ok=1
